[16:03:48] [ServerMain/INFO]: [bootstrap] Running Java 21 (OpenJDK 64-Bit Server VM 21.0.11+10-1-24.04.2-Ubuntu; Ubuntu null) on Linux 6.8.0-117-generic (amd64)
[16:03:48] [ServerMain/INFO]: [bootstrap] Loading Paper 1.21.8-60-main@29c8822 (2025-09-06T21:49:13Z) for Minecraft 1.21.8
[16:03:49] [ServerMain/INFO]: [PluginInitializerManager] Initializing plugins...
[16:03:49] [Paper Plugin Remapper Thread - 2/INFO]: [PluginRemapper] Remapping plugin 'plugins/minecraftvideo-plugin-0.4.3.jar'...
[16:03:51] [Paper Plugin Remapper Thread - 2/INFO]: [PluginRemapper] Done remapping plugin 'plugins/minecraftvideo-plugin-0.4.3.jar' in 1566ms.
[16:03:51] [ServerMain/INFO]: [PluginInitializerManager] Initialized 3 plugins
[16:03:51] [ServerMain/INFO]: [PluginInitializerManager] Bukkit plugins (3):
 - MinecraftVideo (0.4.3), packetevents (2.13.0), voicechat (2.6.20)
[16:04:00] [ServerMain/INFO]: Environment: Environment[sessionHost=https://sessionserver.mojang.com, servicesHost=https://api.minecraftservices.com, name=PROD]
[16:04:04] [ServerMain/INFO]: Loaded 1407 recipes
[16:04:04] [ServerMain/INFO]: Loaded 1520 advancements
[16:04:04] [ServerMain/INFO]: [ca.spottedleaf.dataconverter.minecraft.datatypes.MCTypeRegistry] Initialising converters for DataConverter...
[16:04:05] [ServerMain/INFO]: [ca.spottedleaf.dataconverter.minecraft.datatypes.MCTypeRegistry] Finished initialising converters for DataConverter in 680,3ms
[16:04:05] [Server thread/INFO]: Starting minecraft server version 1.21.8
[16:04:05] [Server thread/INFO]: Loading properties
[16:04:05] [Server thread/INFO]: This server is running Paper version 1.21.8-60-main@29c8822 (2025-09-06T21:49:13Z) (Implementing API version 1.21.8-R0.1-SNAPSHOT)
[16:04:05] [Server thread/INFO]: [spark] This server bundles the spark profiler. For more information please visit https://docs.papermc.io/paper/profiling
[16:04:05] [Server thread/INFO]: Server Ping Player Sample Count: 12
[16:04:05] [Server thread/INFO]: Using 4 threads for Netty based IO
[16:04:07] [Server thread/INFO]: [MoonriseCommon] Paper is using 1 worker threads, 1 I/O threads
[16:04:07] [Server thread/INFO]: [ChunkTaskScheduler] Chunk system is using population gen parallelism: true
[16:04:08] [Server thread/INFO]: Default game type: SURVIVAL
[16:04:08] [Server thread/INFO]: Generating keypair
[16:04:08] [Server thread/INFO]: Starting Minecraft server on *:25565
[16:04:08] [Server thread/INFO]: Using epoll channel type
[16:04:08] [Server thread/INFO]: Paper: Using libdeflate (Linux x86_64) compression from Velocity.
[16:04:08] [Server thread/INFO]: Paper: Using OpenSSL 3.x.x (Linux x86_64) cipher from Velocity.
[16:04:08] [Server thread/INFO]: [voicechat] Loading server plugin voicechat v2.6.20
[16:04:08] [Server thread/INFO]: [packetevents] Loading server plugin packetevents v2.13.0
[16:04:09] [Server thread/INFO]: [packetevents] Loading packetevents...
[16:04:14] [Server thread/INFO]: [packetevents] Loaded packetevents v2.13.0
[16:04:14] [Server thread/INFO]: [MinecraftVideo] Loading server plugin MinecraftVideo v0.4.3
[16:04:14] [Server thread/INFO]: Server permissions file permissions.yml is empty, ignoring it
[16:04:14] [Server thread/INFO]: Preparing level "world"
[16:04:15] [Server thread/INFO]: Preparing start region for dimension minecraft:overworld
[16:04:16] [Server thread/INFO]: Preparing spawn area: 0%
[16:04:16] [Server thread/INFO]: Preparing spawn area: 0%
[16:04:16] [Server thread/INFO]: Preparing spawn area: 0%
[16:04:17] [Server thread/INFO]: Preparing spawn area: 0%
[16:04:17] [Server thread/INFO]: Preparing spawn area: 0%
[16:04:17] [Server thread/INFO]: Time elapsed: 2397 ms
[16:04:17] [Server thread/INFO]: Preparing start region for dimension minecraft:the_nether
[16:04:17] [Server thread/INFO]: Preparing spawn area: 0%
[16:04:18] [Server thread/INFO]: Preparing spawn area: 85%
[16:04:18] [Server thread/INFO]: Time elapsed: 518 ms
[16:04:18] [Server thread/INFO]: Preparing start region for dimension minecraft:the_end
[16:04:18] [Server thread/INFO]: Preparing spawn area: 0%
[16:04:18] [Server thread/INFO]: Time elapsed: 252 ms
[16:04:18] [Server thread/INFO]: [voicechat] Enabling voicechat v2.6.20
[16:04:18] [Server thread/INFO]: [voicechat] Initializing compatibility for version 1.21.8-R0.1
[16:04:18] [Server thread/INFO]: [voicechat] Compatibility version 20
[16:04:18] [Server thread/INFO]: [voicechat] Successfully initialized commodore command completion
[16:04:18] [Server thread/INFO]: [packetevents] Enabling packetevents v2.13.0
[16:04:18] [packetevents-update-check-thread/INFO]: [packetevents] Checking for updates, please wait...
[16:04:19] [Server thread/INFO]: [MinecraftVideo] Enabling MinecraftVideo v0.4.3
[16:04:19] [Server thread/INFO]: [MinecraftVideo] Installed bundled vanilla_map_colors.json -> plugins/MinecraftVideo/vanilla_map_colors.json
[16:04:19] [Server thread/INFO]: [MinecraftVideo] Installed bundled natives/mcmm-linux-x64 -> plugins/MinecraftVideo/mcmm
[16:04:19] [Server thread/INFO]: [MinecraftVideo] Registered as a Simple Voice Chat addon for video audio.
[16:04:19] [packetevents-update-check-thread/INFO]: [packetevents] You are running the latest release: 2.13.0
[16:04:19] [Server thread/INFO]: [spark] Starting background profiler...
[16:04:19] [Server thread/INFO]: Done preparing level "world" (5.415s)
[16:04:19] [Server thread/INFO]: Running delayed init tasks
[16:04:19] [Server thread/INFO]: Done (32.571s)! For help, type "help"
[16:04:19] [Server thread/INFO]: [voicechat] Loading plugins
[16:04:19] [Server thread/INFO]: [voicechat] Loaded 1 plugin(s)
[16:04:19] [Server thread/INFO]: [voicechat] Initializing plugins
[16:04:19] [Server thread/INFO]: [voicechat] Initialized 1 plugin(s)
[16:04:19] [Server thread/INFO]: [voicechat] Registering events for 'minecraftvideo'
[16:04:19] [VoiceChatServerThread/INFO]: [voicechat] Voice chat server started at port 24454
[16:04:35] [User Authenticator #0/INFO]: UUID of player Futiax_TV is 01456039-e53a-4073-9fae-9ac39bde0e16
[16:04:35] [Server thread/INFO]: Futiax_TV joined the game
[16:04:36] [Server thread/INFO]: Futiax_TV[/192.168.0.254:33062] logged in with entity id 124 at ([world]7.471256965227513, 76.0, 4.365727320077453)
[16:04:36] [Server thread/INFO]: [voicechat] Received secret request of Futiax_TV (20)
[16:04:36] [Server thread/INFO]: [voicechat] Sent secret to Futiax_TV
[16:04:36] [VoiceChatPacketProcessingThread/INFO]: [voicechat] Successfully authenticated player 01456039-e53a-4073-9fae-9ac39bde0e16
[16:04:37] [VoiceChatPacketProcessingThread/INFO]: [voicechat] Successfully validated connection of player 01456039-e53a-4073-9fae-9ac39bde0e16
[16:04:37] [VoiceChatPacketProcessingThread/INFO]: [voicechat] Player Futiax_TV (01456039-e53a-4073-9fae-9ac39bde0e16) successfully connected to voice chat
[16:04:43] [Server thread/INFO]: Futiax_TV issued server command: /video queue add https://dn710202.ca.archive.org/0/items/test5_202407/test5.mkv
[16:04:43] [MinecraftVideo-mcmm-stderr/INFO]: [MinecraftVideo] [mcmm] === MinecraftVideo (C natif) ===
[16:04:43] [MinecraftVideo-mcmm-stderr/INFO]: [MinecraftVideo] [mcmm] 
[16:04:43] [MinecraftVideo-mcmm-stderr/INFO]: [MinecraftVideo] [mcmm] Palette chargee: 244 couleurs (61 base x 4 nuances)
[16:04:43] [MinecraftVideo-mcmm-stderr/INFO]: [MinecraftVideo] [mcmm] Construction de la LUT 256^3 (16 Mo)...
[16:04:45] [MinecraftVideo-Playback/WARN]: [MinecraftVideo] ffprobe (ffprobe) could not probe 'https://dn710202.ca.archive.org/0/items/test5_202407/test5.mkv' (For input string: "https://dn710202.ca.archive.org/0/items/test5_202407/test5.mkv: Server returned 5XX Server Error reply"); assuming a 5.1 source.
[16:04:46] [MinecraftVideo-audio-stderr/INFO]: [MinecraftVideo] [ffmpeg-audio] [in#0 @ 0x64bfe480a600] Error opening input: Server returned 5XX Server Error reply
[16:04:46] [MinecraftVideo-audio-stderr/INFO]: [MinecraftVideo] [ffmpeg-audio] Error opening input file https://dn710202.ca.archive.org/0/items/test5_202407/test5.mkv.
[16:04:46] [MinecraftVideo-audio-stderr/INFO]: [MinecraftVideo] [ffmpeg-audio] Error opening input files: Server returned 5XX Server Error reply
[16:04:49] [MinecraftVideo-mcmm-stderr/INFO]: [MinecraftVideo] [mcmm] LUT construite en 5.65 s
[16:04:49] [MinecraftVideo-mcmm-stderr/INFO]: [MinecraftVideo] [mcmm] Streaming: 5x4 cartes (640x512 px) @ 20 fps cible
[16:04:50] [MinecraftVideo-mcmm-stderr/INFO]: [MinecraftVideo] [mcmm] [in#0 @ 0x650427ab8600] Error opening input: Server returned 5XX Server Error reply
[16:04:50] [MinecraftVideo-mcmm-stderr/INFO]: [MinecraftVideo] [mcmm] Error opening input file https://dn710202.ca.archive.org/0/items/test5_202407/test5.mkv.
[16:04:50] [MinecraftVideo-mcmm-stderr/INFO]: [MinecraftVideo] [mcmm] Error opening input files: Server returned 5XX Server Error reply
[16:04:50] [MinecraftVideo-mcmm-stderr/INFO]: [MinecraftVideo] [mcmm] Flux termine: 0 frames envoyees.
[16:05:26] [Server thread/INFO]: Futiax_TV issued server command: /video queue add https://dn710202.ca.archive.org/0/items/test5_202407/test5.mkv
[16:05:26] [MinecraftVideo-mcmm-stderr/INFO]: [MinecraftVideo] [mcmm] === MinecraftVideo (C natif) ===
[16:05:26] [MinecraftVideo-mcmm-stderr/INFO]: [MinecraftVideo] [mcmm] 
[16:05:26] [MinecraftVideo-mcmm-stderr/INFO]: [MinecraftVideo] [mcmm] Palette chargee: 244 couleurs (61 base x 4 nuances)
[16:05:26] [MinecraftVideo-mcmm-stderr/INFO]: [MinecraftVideo] [mcmm] Construction de la LUT 256^3 (16 Mo)...
[16:05:27] [MinecraftVideo-Playback/WARN]: [MinecraftVideo] ffprobe (ffprobe) could not probe 'https://dn710202.ca.archive.org/0/items/test5_202407/test5.mkv' (For input string: "https://dn710202.ca.archive.org/0/items/test5_202407/test5.mkv: Server returned 5XX Server Error reply"); assuming a 5.1 source.
[16:05:29] [MinecraftVideo-mcmm-stderr/INFO]: [MinecraftVideo] [mcmm] LUT construite en 3.79 s
[16:05:29] [MinecraftVideo-mcmm-stderr/INFO]: [MinecraftVideo] [mcmm] Streaming: 5x4 cartes (640x512 px) @ 20 fps cible
[16:05:40] [Server thread/INFO]: Futiax_TV issued server command: /video subs 3
[16:05:48] [MinecraftVideo-mcmm-stderr/INFO]: [MinecraftVideo] [mcmm] Frames envoyees: 100
[16:05:49] [MinecraftVideo-subs-stderr/INFO]: [MinecraftVideo] [ffmpeg-subs] [https @ 0x5a703cdfdd40] Stream ends prematurely at 31762747, should be 18446744073709551615
[16:05:49] [MinecraftVideo-subs-stderr/INFO]: [MinecraftVideo] [ffmpeg-subs] [matroska,webm @ 0x5a703cdfd6c0] Read error at pos. 31762747 (0x1e4a93b)
[16:05:50] [MinecraftVideo-subs-stderr/INFO]: [MinecraftVideo] [ffmpeg-subs] [https @ 0x5a703cdfdd40] Stream ends prematurely at 31762747, should be 18446744073709551615
[16:05:50] [MinecraftVideo-subs-stderr/INFO]: [MinecraftVideo] [ffmpeg-subs] [matroska,webm @ 0x5a703cdfd6c0] Read error at pos. 31762747 (0x1e4a93b)
[16:05:50] [MinecraftVideo-subs-stderr/INFO]: [MinecraftVideo] [ffmpeg-subs] [https @ 0x5a703cdfdd40] Stream ends prematurely at 31762747, should be 18446744073709551615
[16:05:52] [MinecraftVideo-subs-stderr/INFO]: [MinecraftVideo] [ffmpeg-subs]     Last message repeated 1 times
[16:05:52] [MinecraftVideo-subs-stderr/INFO]: [MinecraftVideo] [ffmpeg-subs] [matroska,webm @ 0x5a703cdfd6c0] Read error at pos. 31762747 (0x1e4a93b)
[16:05:52] [MinecraftVideo-subs-stderr/INFO]: [MinecraftVideo] [ffmpeg-subs] [https @ 0x5a703cdfdd40] Stream ends prematurely at 31762747, should be 18446744073709551615
[16:05:52] [MinecraftVideo-subs-stderr/INFO]: [MinecraftVideo] [ffmpeg-subs] [in#0/matroska,webm @ 0x5a703cdfd5c0] Error during demuxing: Input/output error
[16:05:52] [MinecraftVideo-subs-stderr/INFO]: [MinecraftVideo] [ffmpeg-subs] [in#0/matroska,webm @ 0x5a703cdfd5c0] Error retrieving a packet from demuxer: Input/output error
[16:05:53] [MinecraftVideo-mcmm-stderr/INFO]: [MinecraftVideo] [mcmm] Frames envoyees: 200
[16:05:59] [Server thread/INFO]: Futiax_TV issued server command: /video subs list
[16:06:02] [Server thread/INFO]: Futiax_TV issued server command: /video subs list
[16:06:07] [MinecraftVideo-mcmm-stderr/INFO]: [MinecraftVideo] [mcmm] === MinecraftVideo (C natif) ===
[16:06:07] [MinecraftVideo-mcmm-stderr/INFO]: [MinecraftVideo] [mcmm] 
[16:06:07] [MinecraftVideo-mcmm-stderr/INFO]: [MinecraftVideo] [mcmm] Palette chargee: 244 couleurs (61 base x 4 nuances)
[16:06:07] [MinecraftVideo-mcmm-stderr/INFO]: [MinecraftVideo] [mcmm] Construction de la LUT 256^3 (16 Mo)...
[16:06:09] [MinecraftVideo-audio-stderr/INFO]: [MinecraftVideo] [ffmpeg-audio] [in#0 @ 0x564279c64600] Error opening input: Server returned 5XX Server Error reply
[16:06:09] [MinecraftVideo-audio-stderr/INFO]: [MinecraftVideo] [ffmpeg-audio] Error opening input file https://dn710202.ca.archive.org/0/items/test5_202407/test5.mkv.
[16:06:09] [MinecraftVideo-audio-stderr/INFO]: [MinecraftVideo] [ffmpeg-audio] Error opening input files: Server returned 5XX Server Error reply
[16:06:11] [MinecraftVideo-mcmm-stderr/INFO]: [MinecraftVideo] [mcmm] LUT construite en 3.86 s
[16:06:11] [MinecraftVideo-mcmm-stderr/INFO]: [MinecraftVideo] [mcmm] Streaming: 5x4 cartes (640x512 px) @ 20 fps cible
[16:06:13] [MinecraftVideo-mcmm-stderr/INFO]: [MinecraftVideo] [mcmm] [in#0 @ 0x62c7058fc600] Error opening input: Server returned 5XX Server Error reply
[16:06:13] [MinecraftVideo-mcmm-stderr/INFO]: [MinecraftVideo] [mcmm] Error opening input file https://dn710202.ca.archive.org/0/items/test5_202407/test5.mkv.
[16:06:13] [MinecraftVideo-mcmm-stderr/INFO]: [MinecraftVideo] [mcmm] Error opening input files: Server returned 5XX Server Error reply
[16:06:13] [MinecraftVideo-subs-stderr/INFO]: [MinecraftVideo] [ffmpeg-subs] [in#0 @ 0x5d0160e885c0] Error opening input: Server returned 5XX Server Error reply
[16:06:13] [MinecraftVideo-subs-stderr/INFO]: [MinecraftVideo] [ffmpeg-subs] Error opening input file https://dn710202.ca.archive.org/0/items/test5_202407/test5.mkv.
[16:06:13] [MinecraftVideo-subs-stderr/INFO]: [MinecraftVideo] [ffmpeg-subs] Error opening input files: Server returned 5XX Server Error reply
[16:06:13] [MinecraftVideo-mcmm-stderr/INFO]: [MinecraftVideo] [mcmm] Flux termine: 0 frames envoyees.
[16:06:27] [Server thread/INFO]: Stopping the server
[16:06:27] [Server thread/INFO]: Stopping server
[16:06:27] [Server thread/INFO]: [MinecraftVideo] Disabling MinecraftVideo v0.4.3
[16:06:27] [Server thread/INFO]: [packetevents] Disabling packetevents v2.13.0
[16:06:27] [Server thread/INFO]: [voicechat] Disabling voicechat v2.6.20
[16:06:27] [Server thread/INFO]: Saving players
[16:06:27] [Server thread/INFO]: Futiax_TV lost connection: Server closed
[16:06:27] [Server thread/INFO]: Futiax_TV left the game
[16:06:27] [Server thread/INFO]: Saving worlds
[16:06:27] [Server thread/INFO]: Saving chunks for level 'ServerLevel[world]'/minecraft:overworld
[16:06:27] [Server thread/INFO]: [ChunkHolderManager] Waiting 60s for chunk system to halt for world 'world'
[16:06:27] [Server thread/INFO]: [ChunkHolderManager] Halted chunk system for world 'world'
[16:06:27] [Server thread/INFO]: [ChunkHolderManager] Saving all chunkholders for world 'world'
[16:06:29] [Server thread/INFO]: [ChunkHolderManager] Saved 625 block chunks, 625 entity chunks, 0 poi chunks in world 'world' in 2,34s
[16:06:29] [Server thread/INFO]: [ChunkHolderManager] Waiting 60s for chunk I/O to halt for world 'world'
[16:06:29] [Server thread/INFO]: [ChunkHolderManager] Halted I/O scheduler for world 'world'
[16:06:29] [Server thread/INFO]: Saving chunks for level 'ServerLevel[world_nether]'/minecraft:the_nether
[16:06:29] [Server thread/INFO]: [ChunkHolderManager] Waiting 60s for chunk system to halt for world 'world_nether'
[16:06:29] [Server thread/INFO]: [ChunkHolderManager] Halted chunk system for world 'world_nether'
[16:06:29] [Server thread/INFO]: [ChunkHolderManager] Saving all chunkholders for world 'world_nether'
[16:06:29] [Server thread/INFO]: [ChunkHolderManager] Saved 49 block chunks, 49 entity chunks, 0 poi chunks in world 'world_nether' in 0,08s
[16:06:29] [Server thread/INFO]: [ChunkHolderManager] Waiting 60s for chunk I/O to halt for world 'world_nether'
[16:06:29] [Server thread/INFO]: [ChunkHolderManager] Halted I/O scheduler for world 'world_nether'
[16:06:29] [Server thread/INFO]: Saving chunks for level 'ServerLevel[world_the_end]'/minecraft:the_end
[16:06:29] [Server thread/INFO]: [ChunkHolderManager] Waiting 60s for chunk system to halt for world 'world_the_end'
[16:06:29] [Server thread/INFO]: [ChunkHolderManager] Halted chunk system for world 'world_the_end'
[16:06:29] [Server thread/INFO]: [ChunkHolderManager] Saving all chunkholders for world 'world_the_end'
[16:06:30] [Server thread/INFO]: [ChunkHolderManager] Saved 49 block chunks, 49 entity chunks, 0 poi chunks in world 'world_the_end' in 0,05s
[16:06:30] [Server thread/INFO]: [ChunkHolderManager] Waiting 60s for chunk I/O to halt for world 'world_the_end'
[16:06:30] [Server thread/INFO]: [ChunkHolderManager] Halted I/O scheduler for world 'world_the_end'
[16:06:30] [Server thread/INFO]: ThreadedAnvilChunkStorage (world): All chunks are saved
[16:06:30] [Server thread/INFO]: ThreadedAnvilChunkStorage (DIM-1): All chunks are saved
[16:06:30] [Server thread/INFO]: ThreadedAnvilChunkStorage (DIM1): All chunks are saved
[16:06:30] [Server thread/INFO]: ThreadedAnvilChunkStorage: All dimensions are saved
[16:06:30] [Server thread/INFO]: Waiting for all RegionFile I/O tasks to complete...
[16:06:30] [Server thread/INFO]: All RegionFile I/O tasks to complete
[16:06:30] [Server thread/INFO]: [MoonriseCommon] Awaiting termination of worker pool for up to 60s...
[16:06:30] [Server thread/INFO]: [MoonriseCommon] Awaiting termination of I/O pool for up to 60s...
